{
  "RSpec": {
    "coverage": {
      "/Users/Simon/Projects/gSchool/rails_apps/feed_engine/feed_engine_api/app/controllers/api/v1/tracker_events_controller.rb": [
        1,
        1,
        1,
        null,
        1,
        1,
        1,
        1,
        null,
        null,
        1,
        2,
        2,
        2,
        1,
        null,
        1,
        null,
        null,
        null,
        1,
        null,
        1,
        2,
        null,
        null,
        null,
        null,
        null,
        null,
        null,
        null,
        null,
        1,
        1,
        1,
        null,
        null,
        null,
        null
      ],
      "/Users/Simon/Projects/gSchool/rails_apps/feed_engine/feed_engine_api/app/controllers/application_controller.rb": [
        1,
        1,
        null,
        1,
        7,
        null,
        null,
        1,
        24,
        null,
        null,
        null
      ],
      "/Users/Simon/Projects/gSchool/rails_apps/feed_engine/feed_engine_api/app/models/commit.rb": [
        1,
        1,
        1,
        1,
        null
      ],
      "/Users/Simon/Projects/gSchool/rails_apps/feed_engine/feed_engine_api/app/models/github_api.rb": [
        1,
        null,
        1,
        null,
        1,
        null,
        null,
        null,
        1,
        20,
        20,
        null,
        null,
        1,
        20,
        20,
        20,
        null,
        null,
        1,
        41,
        null,
        null,
        1,
        21,
        null,
        null,
        1,
        62,
        null,
        null,
        null
      ],
      "/Users/Simon/Projects/gSchool/rails_apps/feed_engine/feed_engine_api/app/models/project_repo.rb": [
        1,
        1,
        1,
        null
      ],
      "/Users/Simon/Projects/gSchool/rails_apps/feed_engine/feed_engine_api/app/models/project.rb": [
        1,
        1,
        1,
        1,
        1,
        1,
        null
      ],
      "/Users/Simon/Projects/gSchool/rails_apps/feed_engine/feed_engine_api/app/models/repo.rb": [
        1,
        1,
        1,
        1,
        1,
        null,
        1,
        null,
        null,
        null,
        null,
        null,
        null,
        null,
        null,
        null,
        null,
        1,
        null,
        1,
        null,
        19,
        19,
        null,
        null,
        null,
        null
      ],
      "/Users/Simon/Projects/gSchool/rails_apps/feed_engine/feed_engine_api/app/models/tracker_event.rb": [
        1,
        1,
        null
      ],
      "/Users/Simon/Projects/gSchool/rails_apps/feed_engine/feed_engine_api/app/models/tracker_project.rb": [
        1,
        1,
        null,
        1,
        null
      ],
      "/Users/Simon/Projects/gSchool/rails_apps/feed_engine/feed_engine_api/app/models/user.rb": [
        1,
        null,
        1,
        null,
        1,
        7,
        null,
        null,
        null
      ],
      "/Users/Simon/Projects/gSchool/rails_apps/feed_engine/feed_engine_api/app/controllers/api/v1/repos_controller.rb": [
        1,
        1,
        1,
        1,
        null,
        1,
        1,
        1,
        null,
        null,
        1,
        1,
        1,
        null,
        null,
        1,
        2,
        2,
        2,
        2,
        null,
        0,
        null,
        null,
        null,
        1,
        null,
        1,
        4,
        null,
        null,
        1,
        0,
        0,
        null,
        null,
        1,
        2,
        2,
        2,
        null,
        null,
        null,
        null,
        null
      ],
      "/Users/Simon/Projects/gSchool/rails_apps/feed_engine/feed_engine_api/app/controllers/api/v1/projects_controller.rb": [
        1,
        1,
        1,
        null,
        1,
        2,
        2,
        2,
        null,
        null,
        1,
        1,
        null,
        null,
        1,
        4,
        4,
        2,
        null,
        2,
        null,
        null,
        null,
        1,
        null,
        1,
        2,
        2,
        null,
        null,
        1,
        4,
        null,
        null,
        null,
        null,
        null
      ],
      "/Users/Simon/Projects/gSchool/rails_apps/feed_engine/feed_engine_api/app/controllers/api/v1/tracker_projects_controller.rb": [
        1,
        1,
        1,
        null,
        1,
        1,
        1,
        1,
        null,
        null,
        1,
        3,
        3,
        3,
        2,
        null,
        1,
        null,
        null,
        null,
        1,
        null,
        1,
        3,
        null,
        null,
        1,
        1,
        1,
        null,
        null,
        null,
        null,
        null
      ],
      "/Users/Simon/Projects/gSchool/rails_apps/feed_engine/feed_engine_api/app/controllers/api/v1/commits_controller.rb": [
        1,
        1,
        1,
        null,
        1,
        1,
        1,
        1,
        null,
        null,
        1,
        1,
        1,
        null,
        null,
        1,
        4,
        4,
        null,
        null,
        null,
        null,
        4,
        2,
        2,
        null,
        2,
        null,
        null,
        null,
        1,
        null,
        1,
        2,
        2,
        null,
        null,
        1,
        4,
        null,
        null,
        1,
        12,
        null,
        null,
        1,
        2,
        2,
        0,
        null,
        null,
        null,
        null,
        null,
        null
      ],
      "/Users/Simon/Projects/gSchool/rails_apps/feed_engine/feed_engine_api/app/serializers/commit_serializer.rb": [
        1,
        1,
        null,
        null,
        null,
        1,
        0,
        null,
        null,
        1,
        0,
        null,
        null,
        1,
        0,
        null,
        null,
        1,
        null,
        null,
        0,
        null,
        null,
        1,
        0,
        null,
        null,
        1,
        0,
        null,
        null,
        1,
        0,
        null,
        null
      ]
    },
    "timestamp": 1390463470
  }
}
