{
  "RSpec": {
    "coverage": {
      "/Users/watts/code/gSchool/feedengine/feed_engine_api/app/models/project.rb": [
        1,
        1,
        1,
        1,
        1,
        1,
        null
      ],
      "/Users/watts/code/gSchool/feedengine/feed_engine_api/app/models/tracker_project.rb": [
        1,
        1,
        1,
        1,
        null
      ],
      "/Users/watts/code/gSchool/feedengine/feed_engine_api/app/models/tracker_event.rb": [
        1,
        1,
        1,
        null
      ],
      "/Users/watts/code/gSchool/feedengine/feed_engine_api/app/controllers/api/v1/tracker_events_controller.rb": [
        1,
        1,
        1,
        null,
        1,
        1,
        1,
        1,
        null,
        null,
        1,
        2,
        2,
        2,
        1,
        0,
        null,
        1,
        null,
        null,
        null,
        1,
        null,
        1,
        2,
        null,
        null,
        null,
        null,
        null,
        null,
        null,
        null,
        null,
        1,
        1,
        1,
        null,
        null,
        1,
        1,
        1,
        0,
        null,
        null,
        null,
        null,
        null
      ],
      "/Users/watts/code/gSchool/feedengine/feed_engine_api/app/controllers/application_controller.rb": [
        1,
        1,
        null,
        1,
        1,
        null,
        null,
        1,
        2,
        null,
        null,
        null
      ],
      "/Users/watts/code/gSchool/feedengine/feed_engine_api/app/models/user.rb": [
        1,
        null,
        1,
        null,
        1,
        1,
        null,
        null,
        null
      ],
      "/Users/watts/code/gSchool/feedengine/feed_engine_api/app/serializers/tracker_event_serializer.rb": [
        1,
        1,
        null,
        null,
        1,
        1,
        null,
        null
      ]
    },
    "timestamp": 1390469596
  }
}
